<?xml version="1.0" encoding="UTF-8"?>
<testng-results ignored="0" total="2" passed="2" failed="0" skipped="0">
  <reporter-output>
  </reporter-output>
  <suite started-at="2022-09-28T22:15:07 EDT" name="Default suite" finished-at="2022-09-28T22:15:29 EDT" duration-ms="22049">
    <groups>
    </groups>
    <test started-at="2022-09-28T22:15:07 EDT" name="Default test" finished-at="2022-09-28T22:15:29 EDT" duration-ms="22049">
      <class name="com.liveproject.AddOrDeleteStockPortfolio">
        <test-method signature="addStockTest()[pri:0, instance:com.liveproject.AddOrDeleteStockPortfolio@76508ed1]" started-at="2022-09-28T22:15:07 EDT" name="addStockTest" finished-at="2022-09-28T22:15:26 EDT" duration-ms="19277" status="PASS">
          <reporter-output>
          </reporter-output>
        </test-method> <!-- addStockTest -->
        <test-method signature="deleteStock()[pri:0, instance:com.liveproject.AddOrDeleteStockPortfolio@76508ed1]" started-at="2022-09-28T22:15:26 EDT" name="deleteStock" finished-at="2022-09-28T22:15:29 EDT" depends-on-methods="com.liveproject.AddOrDeleteStockPortfolio.addStockTest" duration-ms="2743" status="PASS">
          <reporter-output>
          </reporter-output>
        </test-method> <!-- deleteStock -->
      </class> <!-- com.liveproject.AddOrDeleteStockPortfolio -->
    </test> <!-- Default test -->
  </suite> <!-- Default suite -->
</testng-results>
