<?xml version="1.0" encoding="UTF-8"?>
<testng-results ignored="0" total="3" passed="3" failed="0" skipped="0">
  <reporter-output>
  </reporter-output>
  <suite started-at="2022-10-03T16:32:30 EDT" name="Default suite" finished-at="2022-10-03T16:32:44 EDT" duration-ms="14213">
    <groups>
    </groups>
    <test started-at="2022-10-03T16:32:30 EDT" name="Default test" finished-at="2022-10-03T16:32:44 EDT" duration-ms="14213">
      <class name="com.datadrivenframework.test.Logintest.loginTest">
        <test-method signature="TestOne(java.util.Hashtable)[pri:0, instance:com.datadrivenframework.test.Logintest.loginTest@29e495ff]" started-at="2022-10-03T16:32:30 EDT" name="TestOne" data-provider="getTestOneData" finished-at="2022-10-03T16:32:37 EDT" duration-ms="6212" status="PASS">
          <params>
            <param index="0">
              <value>
                <![CDATA[{Col3=TA1.3, Col2=TA1.1, Col1=TA1}]]>
              </value>
            </param>
          </params>
          <reporter-output>
          </reporter-output>
        </test-method> <!-- TestOne -->
        <test-method is-config="true" signature="afterTest()[pri:0, instance:com.datadrivenframework.test.Logintest.loginTest@29e495ff]" started-at="2022-10-03T16:32:37 EDT" name="afterTest" finished-at="2022-10-03T16:32:37 EDT" duration-ms="1" status="PASS">
          <reporter-output>
          </reporter-output>
        </test-method> <!-- afterTest -->
        <test-method signature="TestOne(java.util.Hashtable)[pri:0, instance:com.datadrivenframework.test.Logintest.loginTest@29e495ff]" started-at="2022-10-03T16:32:37 EDT" name="TestOne" data-provider="getTestOneData" finished-at="2022-10-03T16:32:40 EDT" duration-ms="3591" status="PASS">
          <params>
            <param index="0">
              <value>
                <![CDATA[{Col3=TA2.2, Col2=TA2.1, Col1=TA2}]]>
              </value>
            </param>
          </params>
          <reporter-output>
          </reporter-output>
        </test-method> <!-- TestOne -->
        <test-method is-config="true" signature="afterTest()[pri:0, instance:com.datadrivenframework.test.Logintest.loginTest@29e495ff]" started-at="2022-10-03T16:32:40 EDT" name="afterTest" finished-at="2022-10-03T16:32:40 EDT" duration-ms="0" status="PASS">
          <reporter-output>
          </reporter-output>
        </test-method> <!-- afterTest -->
        <test-method signature="TestOne(java.util.Hashtable)[pri:0, instance:com.datadrivenframework.test.Logintest.loginTest@29e495ff]" started-at="2022-10-03T16:32:40 EDT" name="TestOne" data-provider="getTestOneData" finished-at="2022-10-03T16:32:44 EDT" duration-ms="3595" status="PASS">
          <params>
            <param index="0">
              <value>
                <![CDATA[{Col3=TA3.2, Col2=TA3.1, Col1=TA3}]]>
              </value>
            </param>
          </params>
          <reporter-output>
          </reporter-output>
        </test-method> <!-- TestOne -->
        <test-method is-config="true" signature="afterTest()[pri:0, instance:com.datadrivenframework.test.Logintest.loginTest@29e495ff]" started-at="2022-10-03T16:32:44 EDT" name="afterTest" finished-at="2022-10-03T16:32:44 EDT" duration-ms="0" status="PASS">
          <reporter-output>
          </reporter-output>
        </test-method> <!-- afterTest -->
        <test-method is-config="true" signature="endReport()[pri:0, instance:com.datadrivenframework.test.Logintest.loginTest@29e495ff]" started-at="2022-10-03T16:32:44 EDT" name="endReport" finished-at="2022-10-03T16:32:44 EDT" duration-ms="207" status="PASS">
          <reporter-output>
          </reporter-output>
        </test-method> <!-- endReport -->
      </class> <!-- com.datadrivenframework.test.Logintest.loginTest -->
    </test> <!-- Default test -->
  </suite> <!-- Default suite -->
</testng-results>
