<?xml version="1.0" encoding="UTF-8"?>
<!-- Generated by org.testng.reporters.JUnitXMLReporter -->
<testsuite ignored="0" hostname="DESKTOP-HA2NVCA" failures="0" tests="3" name="Default test" time="62.694" errors="0" timestamp="2022-10-08T21:03:13 EDT">
  <testcase classname="TestCases.MyPortfolioTest" name="deletePortfolio" time="27.515"/>
  <testcase classname="TestCases.MyPortfolioTest" name="deletePortfolio" time="17.032"/>
  <testcase classname="TestCases.MyPortfolioTest" name="deletePortfolio" time="16.773"/>
</testsuite> <!-- Default test -->
