<?xml version="1.0" encoding="UTF-8"?>
<!-- Generated by org.testng.reporters.JUnitXMLReporter -->
<testsuite ignored="1" hostname="DESKTOP-HA2NVCA" failures="3" tests="3" name="MyPortfolioTest" time="70.823" errors="0" timestamp="2022-10-08T19:44:42 EDT">
  <testcase classname="TestCases.MyPortfolioTest" name="addPortfolioTest" time="27.815">
    <failure type="java.lang.AssertionError" message="expected [true] but found [false]">
      <![CDATA[java.lang.AssertionError: expected [true] but found [false]
at PageClasses.MyPortfolioPage.isPortfolioExists(MyPortfolioPage.java:53)
at TestCases.MyPortfolioTest.addPortfolioTest(MyPortfolioTest.java:57)
at java.base/java.util.ArrayList.forEach(ArrayList.java:1511)
... Removed 29 stack frames]]>
    </failure>
  </testcase> <!-- addPortfolioTest -->
  <testcase classname="TestCases.MyPortfolioTest" name="addPortfolioTest" time="25.743">
    <failure type="java.lang.AssertionError" message="expected [true] but found [false]">
      <![CDATA[java.lang.AssertionError: expected [true] but found [false]
at PageClasses.MyPortfolioPage.isPortfolioExists(MyPortfolioPage.java:53)
at TestCases.MyPortfolioTest.addPortfolioTest(MyPortfolioTest.java:57)
at java.base/java.util.ArrayList.forEach(ArrayList.java:1511)
... Removed 29 stack frames]]>
    </failure>
  </testcase> <!-- addPortfolioTest -->
  <testcase classname="TestCases.MyPortfolioTest" name="addPortfolioTest" time="16.746">
    <failure type="java.lang.AssertionError" message="expected [true] but found [false]">
      <![CDATA[java.lang.AssertionError: expected [true] but found [false]
at PageClasses.MyPortfolioPage.isPortfolioExists(MyPortfolioPage.java:53)
at TestCases.MyPortfolioTest.addPortfolioTest(MyPortfolioTest.java:57)
at java.base/java.util.ArrayList.forEach(ArrayList.java:1511)
... Removed 29 stack frames]]>
    </failure>
  </testcase> <!-- addPortfolioTest -->
  <testcase classname="TestCases.MyPortfolioTest" name="openPortfolio" time="0.0">
    <ignored/>
  </testcase> <!-- openPortfolio -->
</testsuite> <!-- MyPortfolioTest -->
