<?xml version="1.0" encoding="UTF-8"?>
<!-- Generated by org.testng.reporters.JUnitXMLReporter -->
<testsuite ignored="1" hostname="DESKTOP-HA2NVCA" failures="0" tests="3" name="Test" time="59.143" errors="0" timestamp="2022-10-08T20:15:25 EDT">
  <testcase classname="TestCases.MyPortfolioTest" name="addPortfolioTest" time="20.332"/>
  <testcase classname="TestCases.MyPortfolioTest" name="addPortfolioTest" time="20.307"/>
  <testcase classname="TestCases.MyPortfolioTest" name="addPortfolioTest" time="18.026"/>
  <testcase classname="TestCases.MyPortfolioTest" name="openPortfolio" time="0.0">
    <ignored/>
  </testcase> <!-- openPortfolio -->
</testsuite> <!-- Test -->
