<?xml version="1.0" encoding="UTF-8"?>
<!-- Generated by org.testng.reporters.JUnitXMLReporter -->
<testsuite ignored="0" hostname="DESKTOP-HA2NVCA" failures="0" tests="3" name="Default test" time="14.213" errors="0" timestamp="2022-10-03T16:32:44 EDT">
  <testcase classname="com.datadrivenframework.test.Logintest.loginTest" name="TestOne" time="6.212"/>
  <testcase classname="com.datadrivenframework.test.Logintest.loginTest" name="TestOne" time="3.591"/>
  <testcase classname="com.datadrivenframework.test.Logintest.loginTest" name="TestOne" time="3.595"/>
</testsuite> <!-- Default test -->
